<?xml version="1.0" encoding="UTF-8"?>
<testsuite xmlns:xsi="http://www.w3.org/2001/XMLSchema-instance" xsi:noNamespaceSchemaLocation="https://maven.apache.org/surefire/maven-surefire-plugin/xsd/surefire-test-report-3.0.xsd" version="3.0" name="com.TecAlliance.runner.GoogleSearchTest" time="8.045" tests="1" errors="0" skipped="0" failures="0">
  <properties>
[...]
</properties>
  <testcase name="run" classname="com.TecAlliance.runner.GoogleSearchTest" time="8.033">
    <system-out><![CDATA[Processing system properties {}
Using controls EmbedderControls[batch=false,failOnStoryTimeout=false,generateViewAfterStories=true,ignoreFailureInStories=false,ignoreFailureInView=false,skip=false,storyTimeouts=300,threads=1,verboseFailures=false,verboseFiltering=false]
BeforeStories

Running story stories/GoogleSearch.story

(stories/GoogleSearch.story)
Narrative:
As a user
I want to search for a specific keyword on the Google home page
So that I can find relevant results
BeforeSystemStorySteps

BeforeUserStorySteps

Scenario: Search for "JBehave" on Google
BeforeSystemScenarioSteps

BeforeUserScenarioSteps

Using timeout for story GoogleSearch.story of 300 secs.
Given I am on the Google home page
When I enter "JBehave" in the search bar
And I press the Enter key
Then I should see results including the text "What is JBehave?"
AfterUserScenarioSteps

AfterSystemScenarioSteps


AfterUserStorySteps

AfterSystemStorySteps


AfterStories

Generating reports view to 'D:\QA_EXERCISE\SearchWithGoogleByJBehave\target\jbehave' using formats '[console]' and view properties '{reports=ftl/jbehave-reports.ftl, nonDecorated=ftl/jbehave-report-non-decorated.ftl, maps=ftl/jbehave-maps.ftl, views=ftl/jbehave-views.ftl, decorated=ftl/jbehave-report-decorated.ftl}'
Reports view generated with 0 stories (of which 0 pending) containing 0 scenarios (of which 0 pending)
]]></system-out>
    <system-err><![CDATA[SLF4J: No SLF4J providers were found.
SLF4J: Defaulting to no-operation (NOP) logger implementation
SLF4J: See https://www.slf4j.org/codes.html#noProviders for further details.
Starting ChromeDriver 114.0.5735.90 (386bc09e8f4f2e025eddae123f36f6263096ae49-refs/branch-heads/5735@{#1052}) on port 30503
Only local connections are allowed.
Please see https://chromedriver.chromium.org/security-considerations for suggestions on keeping ChromeDriver safe.
ChromeDriver was started successfully.
[1691202863.525][WARNING]: This version of ChromeDriver has not been tested with Chrome version 115.
Aug 05, 2023 9:34:23 AM org.openqa.selenium.devtools.CdpVersionFinder findNearestMatch
WARNING: Unable to find an exact match for CDP version 115, so returning the closest version found: 111
]]></system-err>
  </testcase>
</testsuite>